<?xml version="1.0" encoding="UTF-8"?>
<beans xmlns="http://www.springframework.org/schema/beans"
	xmlns:xsi="http://www.w3.org/2001/XMLSchema-instance"
	xmlns:jdbc="http://www.springframework.org/schema/jdbc"
	xmlns:context="http://www.springframework.org/schema/context"
	xsi:schemaLocation="http://www.springframework.org/schema/jdbc http://www.springframework.org/schema/jdbc/spring-jdbc.xsd
		http://www.springframework.org/schema/beans http://www.springframework.org/schema/beans/spring-beans.xsd
		http://www.springframework.org/schema/context http://www.springframework.org/schema/context/spring-context.xsd">

	<import resource="classpath:rewards/app-config.xml"/>
	<import resource="classpath:rewards/infrastructure-config.xml"/>

	<!-- Override bean definition to show SQL for debugging purposes -->
    <bean id="entityManagerFactory" class="org.springframework.orm.jpa.LocalContainerEntityManagerFactoryBean">
		<property name="jpaVendorAdapter">
			<bean class="org.springframework.orm.jpa.vendor.HibernateJpaVendorAdapter"/>
		</property>
		<property name="jpaProperties">
			<props>
				<prop key="hibernate.show_sql">true</prop>
				<prop key="hibernate.format_sql">true</prop>
				<prop key="hibernate.hbm2ddl">none</prop>
			</props>
		</property>
		<property name="dataSource" ref="dataSource" />
		<property name="packagesToScan" value="rewards.domain.model"/>
	</bean>
    
	<!-- Creates an in-memory "rewards" database populated with test data for fast testing -->    
	<jdbc:embedded-database id="dataSource" type="HSQL">
		<jdbc:script location="classpath:rewards/schema.sql" />
		<jdbc:script location="classpath:rewards/test-data.sql" />
	</jdbc:embedded-database>

</beans>
